SF:./packages/core/lib\data\models\movie_detail_model.dart
DA:5,2
DA:51,1
DA:52,1
DA:53,1
DA:54,1
DA:55,1
DA:56,1
DA:57,4
DA:58,1
DA:59,1
DA:60,1
DA:61,1
DA:62,1
DA:63,1
DA:64,2
DA:65,1
DA:66,1
DA:67,1
DA:68,1
DA:69,1
DA:70,1
DA:71,1
DA:72,1
DA:73,2
DA:74,1
DA:77,0
DA:78,0
DA:79,0
DA:80,0
DA:81,0
DA:82,0
DA:83,0
DA:84,0
DA:85,0
DA:86,0
DA:87,0
DA:88,0
DA:89,0
DA:90,0
DA:91,0
DA:92,0
DA:93,0
DA:94,0
DA:95,0
DA:96,0
DA:97,0
DA:98,0
DA:101,1
DA:102,1
DA:103,1
DA:104,1
DA:105,5
DA:106,1
DA:107,1
DA:108,1
DA:109,1
DA:110,1
DA:111,1
DA:112,1
DA:113,1
DA:114,1
DA:118,1
DA:119,1
DA:120,1
DA:121,1
DA:122,1
DA:123,1
DA:124,1
DA:125,1
DA:126,1
DA:127,1
DA:128,1
DA:129,1
DA:130,1
DA:131,1
DA:132,1
DA:133,1
DA:134,1
DA:135,1
DA:136,1
DA:137,1
DA:138,1
DA:139,1
DA:140,1
LF:84
LH:62
end_of_record
SF:./packages/core/lib\data\models\tv_detail_model.dart
DA:24,2
DA:45,2
DA:46,1
DA:47,1
DA:48,1
DA:49,1
DA:50,4
DA:52,1
DA:53,1
DA:54,1
DA:55,1
DA:56,1
DA:57,1
DA:58,1
DA:59,2
DA:60,1
DA:61,1
DA:62,4
DA:64,1
DA:65,1
DA:66,2
DA:67,1
DA:70,0
DA:71,0
DA:72,0
DA:73,0
DA:74,0
DA:75,0
DA:76,0
DA:77,0
DA:78,0
DA:79,0
DA:80,0
DA:81,0
DA:82,0
DA:83,0
DA:84,0
DA:85,0
DA:86,0
DA:87,0
DA:88,0
DA:91,1
DA:92,1
DA:93,1
DA:94,1
DA:95,1
DA:96,5
DA:97,1
DA:98,1
DA:99,1
DA:100,1
DA:101,1
DA:102,1
DA:103,1
DA:104,1
DA:105,1
DA:106,5
DA:107,1
DA:108,1
DA:109,1
DA:110,1
DA:114,1
DA:115,1
DA:116,1
DA:117,1
DA:118,1
DA:119,1
DA:120,1
DA:121,1
DA:122,1
DA:123,1
DA:124,1
DA:125,1
DA:126,1
DA:127,1
DA:128,1
DA:129,1
DA:130,1
DA:131,1
DA:132,1
DA:133,1
LF:81
LH:62
end_of_record
SF:./packages/core/lib\data\datasources\movie_remote_data_source.dart
DA:18,1
DA:22,1
DA:24,3
DA:26,2
DA:27,4
DA:29,1
DA:33,1
DA:35,4
DA:37,2
DA:38,3
DA:40,1
DA:44,1
DA:46,1
DA:47,3
DA:49,2
DA:50,4
DA:52,1
DA:56,1
DA:58,3
DA:60,2
DA:61,4
DA:63,1
DA:67,1
DA:69,3
DA:71,2
DA:72,4
DA:74,1
DA:78,1
DA:80,4
DA:82,2
DA:83,4
DA:85,1
LF:32
LH:32
end_of_record
SF:./packages/core/lib\data\datasources\tv_remote_data_source.dart
DA:18,1
DA:20,1
DA:22,3
DA:24,2
DA:25,4
DA:27,1
DA:31,1
DA:33,3
DA:35,2
DA:36,4
DA:38,1
DA:42,1
DA:44,3
DA:46,2
DA:47,4
DA:49,1
DA:53,1
DA:55,4
DA:57,2
DA:58,3
DA:60,1
DA:64,1
DA:67,4
DA:69,2
DA:70,4
DA:72,1
DA:76,1
DA:78,4
DA:80,2
DA:81,4
DA:83,1
LF:31
LH:31
end_of_record
SF:./packages/core/lib\data\datasources\movie_local_data_source.dart
DA:15,1
DA:17,1
DA:20,2
DA:23,2
DA:27,1
DA:30,2
DA:33,2
DA:37,1
DA:39,2
DA:41,1
DA:47,1
DA:49,2
DA:50,4
DA:53,1
DA:55,2
DA:56,2
DA:59,1
DA:61,2
DA:63,1
DA:64,4
DA:66,1
LF:21
LH:21
end_of_record
SF:./packages/core/lib\data\datasources\tv_local_data_source.dart
DA:16,1
DA:18,1
DA:21,2
DA:24,2
DA:28,1
DA:31,2
DA:34,2
DA:38,1
DA:40,2
DA:42,1
DA:48,1
DA:50,2
DA:51,4
LF:13
LH:13
end_of_record
SF:./packages/core/lib\data\datasources\db\database_helper.dart
DA:10,0
DA:14,0
DA:18,0
DA:19,0
DA:27,0
DA:28,0
DA:29,0
DA:31,0
DA:34,0
DA:35,0
DA:41,0
DA:42,0
DA:49,0
DA:51,0
DA:58,0
DA:60,0
DA:68,0
DA:71,0
DA:72,0
DA:73,0
DA:75,0
DA:80,0
DA:81,0
DA:82,0
DA:84,0
DA:89,0
DA:90,0
DA:91,0
DA:94,0
DA:98,0
DA:99,0
DA:100,0
DA:103,0
DA:107,0
DA:108,0
DA:109,0
DA:112,0
DA:115,0
DA:116,0
DA:122,0
DA:123,0
DA:124,0
DA:127,0
DA:130,0
DA:131,0
DA:137,0
DA:138,0
DA:139,0
DA:144,0
DA:145,0
DA:146,0
DA:151,0
DA:153,0
DA:155,0
DA:156,0
DA:157,0
DA:158,0
DA:159,0
DA:168,0
DA:170,0
DA:171,0
DA:174,0
DA:180,0
DA:181,0
DA:182,0
DA:185,0
DA:189,0
DA:190,0
DA:191,0
DA:192,0
DA:193,0
DA:195,0
LF:72
LH:0
end_of_record
SF:./packages/core/lib\utils\network_info.dart
DA:10,0
DA:12,0
DA:13,0
LF:3
LH:0
end_of_record
SF:./packages/core/lib\data\models\genre_model.dart
DA:5,4
DA:13,2
DA:14,1
DA:15,1
DA:18,2
DA:19,1
DA:20,1
DA:23,1
DA:24,3
DA:27,1
DA:28,3
LF:11
LH:11
end_of_record
SF:./packages/core/lib\data\models\movie_model.dart
DA:5,4
DA:35,2
DA:36,1
DA:37,1
DA:38,4
DA:39,1
DA:40,1
DA:41,1
DA:42,2
DA:43,1
DA:44,1
DA:45,1
DA:46,1
DA:47,2
DA:48,1
DA:51,2
DA:52,1
DA:53,1
DA:54,4
DA:55,1
DA:56,1
DA:57,1
DA:58,1
DA:59,1
DA:60,1
DA:61,1
DA:62,1
DA:63,1
DA:64,1
DA:67,1
DA:68,1
DA:69,1
DA:70,1
DA:71,1
DA:72,1
DA:73,1
DA:74,1
DA:75,1
DA:76,1
DA:77,1
DA:78,1
DA:79,1
DA:80,1
DA:81,1
DA:85,1
DA:86,1
DA:87,1
DA:88,1
DA:89,1
DA:90,1
DA:91,1
DA:92,1
DA:93,1
DA:94,1
DA:95,1
DA:96,1
DA:97,1
DA:98,1
DA:99,1
LF:59
LH:59
end_of_record
SF:./packages/core/lib\data\models\movie_response.dart
DA:7,2
DA:9,2
DA:10,2
DA:11,3
DA:12,3
DA:15,2
DA:16,5
DA:19,1
DA:20,2
LF:9
LH:9
end_of_record
SF:./packages/core/lib\data\models\movie_table.dart
DA:10,4
DA:17,2
DA:18,1
DA:19,1
DA:20,1
DA:21,1
DA:24,2
DA:25,1
DA:26,1
DA:27,1
DA:28,1
DA:31,2
DA:32,1
DA:33,1
DA:34,1
DA:35,1
DA:38,0
DA:39,0
DA:40,0
DA:41,0
DA:42,0
DA:45,2
DA:46,1
DA:47,1
DA:48,1
DA:49,1
DA:52,1
DA:53,5
LF:28
LH:23
end_of_record
SF:./packages/core/lib\data\models\season_model.dart
DA:13,3
DA:23,2
DA:24,1
DA:25,1
DA:26,1
DA:27,1
DA:28,1
DA:29,1
DA:30,1
DA:33,2
DA:34,1
DA:35,1
DA:36,1
DA:37,1
DA:38,1
DA:39,1
DA:40,1
DA:43,1
DA:44,1
DA:45,1
DA:46,1
DA:47,1
DA:48,1
DA:49,1
DA:50,1
DA:51,1
DA:55,1
DA:56,3
LF:28
LH:28
end_of_record
SF:./packages/core/lib\data\models\tv_model.dart
DA:17,4
DA:31,2
DA:32,1
DA:33,1
DA:34,4
DA:35,1
DA:36,1
DA:37,1
DA:38,1
DA:39,2
DA:40,1
DA:41,2
DA:42,1
DA:45,2
DA:46,1
DA:47,1
DA:48,4
DA:49,1
DA:50,1
DA:51,1
DA:52,1
DA:53,1
DA:54,1
DA:55,1
DA:56,1
DA:59,1
DA:60,1
DA:61,1
DA:62,1
DA:63,1
DA:64,1
DA:65,1
DA:66,1
DA:67,1
DA:68,1
DA:69,1
DA:70,1
DA:71,1
DA:75,1
DA:76,1
DA:77,1
DA:78,1
DA:79,1
DA:80,1
DA:81,1
DA:82,1
DA:83,1
DA:84,1
DA:85,1
DA:86,1
DA:87,1
LF:51
LH:51
end_of_record
SF:./packages/core/lib\data\models\tv_response.dart
DA:7,2
DA:9,2
DA:10,2
DA:11,3
DA:12,3
DA:15,2
DA:16,5
DA:19,1
DA:20,2
LF:9
LH:9
end_of_record
SF:./packages/core/lib\data\models\tv_table.dart
DA:10,2
DA:17,2
DA:18,1
DA:19,1
DA:20,1
DA:21,1
DA:24,2
DA:25,1
DA:26,1
DA:27,1
DA:28,1
DA:31,0
DA:32,0
DA:33,0
DA:34,0
DA:35,0
DA:38,0
DA:39,0
DA:40,0
DA:41,0
DA:42,0
DA:45,2
DA:46,1
DA:47,1
DA:48,1
DA:49,1
DA:52,1
DA:53,5
LF:28
LH:18
end_of_record
SF:./packages/core/lib\data\network\config\http_config.dart
DA:5,0
DA:6,0
DA:7,0
DA:8,0
DA:13,0
DA:14,0
DA:15,0
DA:16,0
LF:8
LH:0
end_of_record
SF:./packages/core/lib\data\repositories\movie_repository_impl.dart
DA:11,1
DA:17,1
DA:19,2
DA:21,2
DA:22,2
DA:23,4
DA:25,5
DA:26,1
DA:28,1
DA:30,1
DA:35,2
DA:36,5
DA:37,1
DA:38,3
DA:43,1
DA:45,2
DA:47,2
DA:48,2
DA:49,1
DA:51,1
DA:53,1
DA:61,1
DA:63,2
DA:65,2
DA:66,5
DA:67,1
DA:69,1
DA:71,1
DA:79,1
DA:81,2
DA:83,2
DA:84,5
DA:85,1
DA:87,1
DA:89,1
DA:97,1
DA:99,2
DA:101,2
DA:102,5
DA:103,1
DA:105,1
DA:107,1
DA:115,1
DA:117,2
DA:119,2
DA:120,5
DA:121,1
DA:123,1
DA:125,1
DA:133,1
DA:137,3
DA:138,1
DA:139,1
DA:140,3
DA:146,1
DA:150,3
DA:151,1
DA:152,1
DA:153,3
DA:157,1
DA:159,2
DA:163,1
DA:165,2
DA:166,5
LF:64
LH:64
end_of_record
SF:./packages/core/lib\data\repositories\tv_repository_impl.dart
DA:11,1
DA:17,1
DA:19,2
DA:21,2
DA:22,5
DA:23,1
DA:25,1
DA:27,1
DA:35,1
DA:37,2
DA:39,2
DA:40,5
DA:41,1
DA:43,1
DA:45,1
DA:53,1
DA:55,2
DA:57,2
DA:58,5
DA:59,1
DA:61,1
DA:63,1
DA:71,1
DA:73,2
DA:75,2
DA:76,2
DA:77,1
DA:79,1
DA:81,1
DA:89,1
DA:91,2
DA:93,2
DA:94,5
DA:95,1
DA:97,1
DA:99,1
DA:107,1
DA:109,2
DA:111,2
DA:112,5
DA:113,1
DA:115,1
DA:117,1
DA:125,1
DA:127,2
DA:128,5
DA:131,1
DA:133,2
DA:137,1
DA:141,3
DA:142,1
DA:143,1
DA:144,3
DA:148,1
DA:152,3
DA:153,1
DA:154,1
DA:155,3
LF:58
LH:58
end_of_record
SF:./packages/core/lib\domain\entities\genre.dart
DA:4,3
DA:12,1
DA:13,3
LF:3
LH:3
end_of_record
SF:./packages/core/lib\domain\entities\movie.dart
DA:18,1
DA:34,1
DA:41,1
DA:42,1
DA:43,1
DA:44,1
DA:45,1
DA:46,1
DA:47,1
DA:48,1
DA:49,1
DA:50,1
DA:51,1
DA:52,1
DA:53,1
DA:54,1
DA:55,1
LF:17
LH:17
end_of_record
SF:./packages/core/lib\domain\entities\movie_detail.dart
DA:5,2
DA:33,1
DA:34,1
DA:35,1
DA:36,1
DA:37,1
DA:38,1
DA:39,1
DA:40,1
DA:41,1
DA:42,1
DA:43,1
DA:44,1
DA:45,1
LF:14
LH:14
end_of_record
SF:./packages/core/lib\domain\entities\season.dart
DA:12,3
DA:22,1
DA:23,1
DA:24,1
DA:25,1
DA:26,1
DA:27,1
DA:28,1
DA:29,1
DA:30,1
LF:10
LH:10
end_of_record
SF:./packages/core/lib\domain\entities\tv_series.dart
DA:4,1
DA:11,1
DA:37,1
DA:38,1
DA:39,1
DA:40,1
DA:41,1
DA:42,1
DA:43,1
DA:44,1
DA:45,1
DA:46,1
DA:47,1
DA:48,1
DA:49,1
LF:15
LH:15
end_of_record
SF:./packages/core/lib\domain\entities\tv_series_detail.dart
DA:24,2
DA:45,1
DA:46,1
DA:47,1
DA:48,1
DA:49,1
DA:50,1
DA:51,1
DA:52,1
DA:53,1
DA:54,1
DA:55,1
DA:56,1
LF:13
LH:13
end_of_record
SF:./packages/core/lib\presentation\pages\watchlist_page.dart
DA:6,0
DA:8,0
DA:10,0
DA:11,0
DA:15,0
DA:17,0
DA:19,0
DA:20,0
LF:8
LH:0
end_of_record
SF:./packages/core/lib\presentation\widgets\custom_drawer.dart
DA:7,0
DA:10,0
DA:12,0
DA:13,0
DA:20,0
DA:22,0
DA:24,0
DA:30,0
DA:31,0
DA:35,0
DA:36,0
DA:51,0
DA:54,0
DA:55,0
DA:56,0
DA:59,0
DA:62,0
DA:63,0
DA:64,0
DA:67,0
DA:70,0
DA:71,0
DA:72,0
DA:80,0
DA:81,0
DA:82,0
DA:84,0
DA:86,0
DA:87,0
DA:88,0
DA:89,0
DA:90,0
DA:91,0
DA:92,0
DA:94,0
DA:95,0
DA:96,0
DA:97,0
DA:98,0
DA:99,0
DA:101,0
LF:41
LH:0
end_of_record
SF:./packages/core/lib\presentation\widgets\sub_heading.dart
DA:9,2
DA:14,0
DA:16,1
DA:18,1
DA:20,1
DA:21,1
DA:22,1
DA:23,1
DA:25,2
DA:26,1
DA:27,1
DA:28,1
DA:30,1
DA:38,1
LF:14
LH:13
end_of_record
SF:./packages/core/lib\style\text_style.dart
DA:5,3
DA:10,3
DA:16,3
DA:22,3
DA:28,3
DA:34,3
DA:41,3
DA:42,1
DA:43,1
DA:44,1
DA:45,1
LF:11
LH:11
end_of_record
SF:./packages/core/lib\utils\arguments.dart
DA:7,0
LF:1
LH:0
end_of_record
SF:./packages/core/lib\utils\exception.dart
DA:6,1
DA:12,1
LF:2
LH:2
end_of_record
SF:./packages/core/lib\utils\failure.dart
DA:6,5
DA:8,1
DA:9,2
DA:13,4
DA:17,4
DA:21,4
DA:25,3
DA:29,4
DA:33,4
LF:9
LH:9
end_of_record
SF:./packages/core/lib\utils\utils.dart
DA:4,0
DA:6,0
DA:11,0
DA:12,0
DA:16,0
DA:21,0
DA:22,0
DA:26,0
DA:27,0
DA:29,0
DA:30,0
DA:31,0
LF:12
LH:0
end_of_record
SF:./packages/movies/lib\domain\usecases\get_now_playing_movies.dart
DA:7,1
DA:9,1
DA:10,2
LF:3
LH:3
end_of_record
SF:./packages/movies/lib\domain\usecases\get_popular_movies.dart
DA:7,1
DA:9,1
DA:10,2
LF:3
LH:3
end_of_record
SF:./packages/movies/lib\domain\usecases\get_top_rated_movies.dart
DA:7,1
DA:9,1
DA:10,2
LF:3
LH:3
end_of_record
SF:./packages/movies/lib\domain\usecases\get_movie_detail.dart
DA:7,1
DA:9,1
DA:10,2
LF:3
LH:3
end_of_record
SF:./packages/movies/lib\domain\usecases\get_movie_recommendations.dart
DA:7,1
DA:9,1
DA:10,2
LF:3
LH:3
end_of_record
SF:./packages/movies/lib\domain\usecases\get_watchlist_movies.dart
DA:7,1
DA:9,1
DA:10,2
LF:3
LH:3
end_of_record
SF:./packages/movies/lib\domain\usecases\get_watchlist_status.dart
DA:6,1
DA:8,1
DA:9,2
LF:3
LH:3
end_of_record
SF:./packages/movies/lib\domain\usecases\save_watchlist.dart
DA:7,1
DA:9,1
DA:10,2
LF:3
LH:3
end_of_record
SF:./packages/movies/lib\domain\usecases\remove_watchlist.dart
DA:7,1
DA:9,1
DA:10,2
LF:3
LH:3
end_of_record
SF:./packages/movies/lib\presentation\bloc\movie\movie_event.dart
DA:4,2
DA:6,0
DA:7,0
DA:19,2
DA:21,0
DA:22,0
DA:28,1
DA:30,0
DA:31,0
DA:39,2
DA:41,0
DA:42,0
DA:48,1
DA:50,0
DA:51,0
DA:57,2
DA:59,0
DA:60,0
LF:18
LH:6
end_of_record
SF:./packages/movies/lib\presentation\bloc\movie\movie_bloc.dart
DA:22,1
DA:32,2
DA:33,2
DA:34,2
DA:35,2
DA:36,2
DA:37,2
DA:38,2
DA:39,2
DA:40,2
DA:41,2
DA:44,1
DA:45,3
DA:48,2
DA:50,1
DA:51,1
DA:52,3
DA:54,1
DA:57,1
DA:58,1
DA:59,3
DA:64,3
DA:73,1
DA:74,3
DA:77,2
DA:79,1
DA:80,1
DA:81,3
DA:83,1
DA:86,1
DA:87,1
DA:88,3
DA:93,3
DA:102,1
DA:103,3
DA:106,2
DA:108,1
DA:109,1
DA:110,3
DA:112,1
DA:115,1
DA:116,1
DA:117,3
DA:122,3
DA:131,1
DA:132,3
DA:135,3
DA:137,1
DA:138,1
DA:139,3
DA:141,1
DA:144,1
DA:145,3
DA:147,3
DA:155,1
DA:156,3
DA:159,3
DA:161,1
DA:162,1
DA:163,3
DA:165,1
DA:168,1
DA:169,1
DA:170,3
DA:175,3
DA:184,1
DA:185,3
DA:188,2
DA:190,1
DA:191,1
DA:192,3
DA:194,1
DA:197,1
DA:198,1
DA:199,3
DA:204,3
DA:213,1
DA:214,3
DA:216,1
DA:217,1
DA:218,3
DA:219,1
DA:222,1
DA:223,3
DA:229,4
DA:232,1
DA:233,3
DA:235,1
DA:236,1
DA:237,3
DA:238,1
DA:241,1
DA:242,3
DA:248,4
DA:251,1
DA:252,3
DA:253,3
LF:97
LH:97
end_of_record
SF:./packages/movies/lib\presentation\bloc\movie\movie_state.dart
DA:23,2
DA:42,1
DA:63,1
DA:83,1
DA:84,1
DA:85,1
DA:86,1
DA:87,1
DA:88,1
DA:89,1
DA:90,1
DA:91,1
DA:92,1
DA:93,1
DA:94,1
DA:95,1
DA:96,1
DA:97,1
DA:98,1
DA:99,1
DA:103,1
DA:105,1
DA:106,1
DA:107,1
DA:108,1
DA:109,1
DA:110,1
DA:111,1
DA:112,1
DA:113,1
DA:114,1
DA:115,1
DA:116,1
DA:117,1
DA:118,1
DA:119,1
DA:120,1
DA:121,1
LF:38
LH:38
end_of_record
SF:./packages/movies/lib\presentation\pages\home_movie_page.dart
DA:8,1
DA:10,1
DA:11,1
DA:15,1
DA:17,1
DA:18,4
DA:19,2
DA:20,2
DA:21,2
DA:24,1
DA:26,1
DA:27,1
DA:30,1
DA:31,1
DA:32,0
DA:33,0
DA:39,1
DA:41,1
DA:42,1
DA:44,1
DA:45,1
DA:47,1
DA:49,1
DA:50,1
DA:51,2
DA:55,2
DA:56,2
DA:57,2
DA:58,1
DA:59,2
DA:62,1
DA:63,2
DA:68,1
DA:70,0
DA:72,1
DA:73,1
DA:74,2
DA:78,2
DA:79,2
DA:80,2
DA:81,1
DA:82,2
DA:85,1
DA:86,2
DA:91,1
DA:93,0
DA:94,0
DA:96,1
DA:97,1
DA:98,2
DA:102,2
DA:103,2
DA:104,2
DA:105,1
DA:106,2
DA:109,1
DA:110,2
DA:122,1
DA:123,1
DA:125,1
DA:126,1
DA:128,1
DA:130,1
DA:132,1
DA:134,1
DA:147,1
DA:152,1
DA:154,1
DA:156,1
DA:158,1
DA:159,2
DA:160,1
DA:162,1
DA:163,0
DA:164,0
DA:167,0
DA:170,1
DA:172,1
DA:173,2
DA:174,1
DA:177,0
DA:183,2
LF:82
LH:73
end_of_record
SF:./packages/movies/lib\presentation\pages\movie_detail_page.dart
DA:9,1
DA:14,1
DA:15,1
DA:19,1
DA:21,1
DA:22,4
DA:23,4
DA:24,4
DA:27,1
DA:29,1
DA:31,1
DA:32,1
DA:33,1
DA:34,1
DA:36,1
DA:37,2
DA:41,2
DA:42,1
DA:43,1
DA:44,1
DA:45,1
DA:46,1
DA:50,0
DA:51,0
DA:59,1
DA:60,1
DA:62,2
DA:63,3
DA:64,1
DA:65,2
DA:69,1
DA:70,1
DA:71,1
DA:72,1
DA:73,1
DA:74,2
LF:36
LH:34
end_of_record
SF:./packages/movies/lib\presentation\pages\popular_movies_page.dart
DA:7,1
DA:11,1
DA:12,1
DA:16,1
DA:18,1
DA:19,4
DA:22,1
DA:24,1
DA:25,1
DA:28,1
DA:30,1
DA:31,1
DA:32,2
DA:36,2
DA:37,1
DA:38,2
DA:39,1
DA:40,2
DA:41,1
DA:44,2
DA:45,1
DA:47,2
DA:50,1
DA:52,2
LF:24
LH:24
end_of_record
SF:./packages/movies/lib\presentation\pages\top_rated_movies_page.dart
DA:7,1
DA:11,1
DA:12,1
DA:16,1
DA:18,1
DA:19,4
DA:22,1
DA:24,1
DA:25,1
DA:28,1
DA:30,1
DA:31,1
DA:32,2
DA:36,2
DA:37,1
DA:38,2
DA:39,1
DA:40,2
DA:41,1
DA:44,2
DA:45,1
DA:47,2
DA:50,1
DA:52,2
LF:24
LH:24
end_of_record
SF:./packages/movies/lib\presentation\pages\watchlist_movies_page.dart
DA:7,1
DA:11,0
DA:12,0
DA:17,0
DA:19,0
DA:20,0
DA:23,0
DA:25,0
DA:26,0
DA:29,0
DA:31,0
DA:34,0
DA:36,0
DA:37,0
DA:39,0
DA:40,0
DA:41,0
DA:45,0
DA:46,0
DA:47,0
DA:48,0
DA:49,0
DA:50,0
DA:53,0
DA:54,0
DA:55,0
DA:57,0
DA:58,0
DA:59,0
DA:72,0
DA:74,0
DA:75,0
LF:32
LH:1
end_of_record
SF:./packages/movies/lib\presentation\widgets\detail_content.dart
DA:13,1
DA:20,1
DA:21,1
DA:25,1
DA:27,3
DA:29,1
DA:30,1
DA:31,1
DA:32,4
DA:34,1
DA:37,0
DA:39,1
DA:41,1
DA:42,1
DA:43,1
DA:53,1
DA:54,1
DA:55,1
DA:57,1
DA:59,1
DA:61,1
DA:62,1
DA:63,3
DA:64,1
DA:66,1
DA:67,2
DA:68,1
DA:70,1
DA:71,2
DA:78,1
DA:79,4
DA:81,1
DA:82,4
DA:84,1
DA:85,1
DA:86,1
DA:87,4
DA:89,1
DA:95,5
DA:99,1
DA:101,1
DA:103,1
DA:104,3
DA:107,1
DA:109,1
DA:111,1
DA:112,1
DA:113,2
DA:118,2
DA:120,1
DA:122,1
DA:124,3
DA:125,1
DA:126,3
DA:128,1
DA:130,1
DA:131,0
DA:132,0
DA:135,0
DA:138,1
DA:143,1
DA:145,2
DA:146,1
DA:152,0
DA:161,0
DA:163,0
DA:164,0
DA:166,0
DA:168,0
DA:169,0
DA:182,1
DA:184,1
DA:199,1
DA:201,1
DA:204,1
DA:206,0
DA:207,0
DA:216,1
DA:218,2
DA:219,3
DA:222,1
DA:226,3
DA:229,1
DA:230,1
DA:231,1
DA:233,1
DA:234,1
DA:236,0
DA:240,1
DA:241,2
DA:242,6
DA:244,0
LF:92
LH:77
end_of_record
SF:./packages/movies/lib\presentation\widgets\movie_card_list.dart
DA:8,1
DA:13,1
DA:15,1
DA:17,1
DA:18,0
DA:19,0
DA:22,0
DA:25,1
DA:27,1
DA:28,1
DA:29,1
DA:35,1
DA:37,1
DA:38,1
DA:39,2
DA:42,1
DA:45,1
DA:46,2
DA:54,1
DA:59,1
DA:61,1
DA:62,3
DA:64,1
DA:67,0
LF:24
LH:20
end_of_record
SF:./packages/search/lib\domain\usecase\search_movies.dart
DA:7,1
DA:9,1
DA:10,2
LF:3
LH:3
end_of_record
SF:./packages/search/lib\domain\usecase\search_tv.dart
DA:7,1
DA:9,1
DA:10,2
LF:3
LH:3
end_of_record
SF:./packages/search/lib\presentation\bloc\movie\search_movie_state.dart
DA:4,2
DA:6,1
DA:7,1
DA:17,2
DA:19,1
DA:20,2
DA:26,1
DA:28,1
DA:29,2
LF:9
LH:9
end_of_record
SF:./packages/search/lib\presentation\bloc\movie\search_movie_event.dart
DA:4,1
DA:6,0
DA:7,0
DA:13,1
DA:15,0
DA:16,0
LF:6
LH:2
end_of_record
SF:./packages/search/lib\presentation\bloc\movie\search_movie_bloc.dart
DA:15,3
DA:16,1
DA:17,1
DA:18,1
DA:22,1
DA:23,1
DA:25,2
DA:26,2
DA:28,1
DA:29,1
DA:30,3
DA:32,1
DA:33,2
DA:38,1
DA:39,3
LF:15
LH:15
end_of_record
SF:./packages/search/lib\presentation\bloc\tvseries\search_tv_bloc.dart
DA:13,3
DA:14,2
DA:15,1
DA:17,2
DA:18,2
DA:20,1
DA:21,1
DA:22,3
DA:24,1
DA:25,2
DA:28,1
DA:31,1
DA:32,3
LF:13
LH:13
end_of_record
SF:./packages/search/lib\presentation\bloc\tvseries\search_tv_state.dart
DA:4,2
DA:6,1
DA:7,1
DA:17,2
DA:19,1
DA:20,2
DA:26,1
DA:28,1
DA:29,2
LF:9
LH:9
end_of_record
SF:./packages/search/lib\presentation\bloc\tvseries\search_tv_event.dart
DA:4,1
DA:6,0
DA:7,0
DA:13,1
DA:15,0
DA:16,0
LF:6
LH:2
end_of_record
SF:./packages/search/lib\presentation\pages\search_page.dart
DA:8,0
DA:12,0
DA:14,0
DA:15,0
DA:18,0
DA:20,0
DA:22,0
DA:23,0
DA:24,0
DA:25,0
DA:35,0
DA:37,0
DA:39,0
DA:40,0
DA:41,0
DA:45,0
DA:46,0
DA:48,0
DA:49,0
DA:51,0
DA:52,0
DA:53,0
DA:55,0
DA:58,0
DA:59,0
DA:60,0
DA:61,0
DA:65,0
DA:66,0
LF:29
LH:0
end_of_record
SF:./packages/search/lib\presentation\pages\search_tv_page.dart
DA:8,0
DA:12,0
DA:14,0
DA:15,0
DA:18,0
DA:20,0
DA:22,0
DA:23,0
DA:24,0
DA:25,0
DA:35,0
DA:37,0
DA:39,0
DA:40,0
DA:41,0
DA:45,0
DA:46,0
DA:48,0
DA:49,0
DA:51,0
DA:52,0
DA:53,0
DA:55,0
DA:58,0
DA:59,0
DA:60,0
DA:61,0
DA:65,0
DA:66,0
LF:29
LH:0
end_of_record
SF:./packages/tvseries/lib\domain\usecases\tv_series_usecase.dart
DA:7,1
DA:9,1
DA:10,2
DA:12,3
DA:14,1
DA:15,2
DA:17,1
DA:18,2
DA:20,1
DA:21,2
DA:23,1
DA:24,2
DA:26,1
DA:27,2
DA:29,1
DA:30,2
DA:32,1
DA:33,2
DA:35,3
LF:19
LH:19
end_of_record
SF:./packages/tvseries/lib\presentation\bloc\tv\tv_event.dart
DA:4,2
DA:6,0
DA:7,0
DA:19,2
DA:21,0
DA:22,0
DA:28,1
DA:30,0
DA:31,0
DA:39,2
DA:41,0
DA:42,0
DA:48,1
DA:50,0
DA:51,0
DA:57,2
DA:59,0
DA:60,0
LF:18
LH:6
end_of_record
SF:./packages/tvseries/lib\presentation\bloc\tv\tv_state.dart
DA:23,2
DA:42,1
DA:63,1
DA:83,1
DA:84,1
DA:85,1
DA:86,1
DA:87,1
DA:88,1
DA:89,1
DA:90,1
DA:91,1
DA:92,1
DA:93,1
DA:94,1
DA:95,1
DA:96,1
DA:97,1
DA:98,1
DA:99,1
DA:103,1
DA:105,1
DA:106,1
DA:107,1
DA:108,1
DA:109,1
DA:110,1
DA:111,1
DA:112,1
DA:113,1
DA:114,1
DA:115,1
DA:116,1
DA:117,1
DA:118,1
DA:119,1
DA:120,1
DA:121,1
LF:38
LH:38
end_of_record
SF:./packages/tvseries/lib\presentation\bloc\tv\tv_bloc.dart
DA:14,3
DA:15,2
DA:16,2
DA:17,2
DA:18,2
DA:19,2
DA:20,2
DA:21,2
DA:22,2
DA:23,2
DA:26,1
DA:27,3
DA:30,2
DA:32,1
DA:33,1
DA:34,3
DA:36,1
DA:39,1
DA:40,1
DA:41,3
DA:46,3
DA:55,1
DA:56,3
DA:59,2
DA:61,1
DA:62,1
DA:63,3
DA:65,1
DA:68,1
DA:69,1
DA:70,3
DA:75,3
DA:84,1
DA:85,3
DA:88,2
DA:90,1
DA:91,1
DA:92,3
DA:94,1
DA:97,1
DA:98,1
DA:99,3
DA:104,3
DA:113,1
DA:114,3
DA:117,3
DA:119,1
DA:120,1
DA:121,3
DA:123,1
DA:126,1
DA:127,3
DA:129,3
DA:137,1
DA:138,3
DA:141,3
DA:143,1
DA:144,1
DA:145,3
DA:147,1
DA:150,1
DA:151,1
DA:152,3
DA:157,3
DA:166,1
DA:167,3
DA:170,2
DA:172,1
DA:173,1
DA:174,3
DA:176,1
DA:179,1
DA:180,1
DA:181,3
DA:186,3
DA:195,1
DA:196,3
DA:198,1
DA:199,1
DA:200,3
DA:201,1
DA:204,1
DA:205,3
DA:211,4
DA:214,1
DA:215,3
DA:217,1
DA:218,1
DA:219,3
DA:220,1
DA:223,1
DA:224,3
DA:230,4
DA:233,1
DA:234,3
DA:235,3
LF:96
LH:96
end_of_record
SF:./packages/tvseries/lib\presentation\pages\detail_tv_page.dart
DA:9,1
DA:14,1
DA:15,1
DA:19,1
DA:21,1
DA:22,4
DA:23,4
DA:24,4
DA:27,1
DA:29,1
DA:31,1
DA:32,1
DA:33,1
DA:34,1
DA:36,1
DA:37,2
DA:42,2
DA:43,1
DA:44,1
DA:45,1
DA:46,1
DA:47,1
DA:51,0
DA:52,0
DA:60,1
DA:61,1
DA:63,2
DA:64,3
DA:65,1
DA:66,2
DA:70,1
DA:71,1
DA:72,1
DA:73,1
DA:74,1
DA:75,2
LF:36
LH:34
end_of_record
SF:./packages/tvseries/lib\presentation\pages\home_tv_page.dart
DA:7,1
DA:9,1
DA:10,1
DA:14,1
DA:16,1
DA:18,4
DA:19,2
DA:20,2
DA:21,2
DA:24,1
DA:26,1
DA:27,1
DA:29,1
DA:30,1
DA:31,0
DA:36,1
DA:38,1
DA:39,1
DA:41,1
DA:42,1
DA:45,0
DA:47,1
DA:48,1
DA:49,2
DA:53,2
DA:54,2
DA:55,2
DA:56,1
DA:57,2
DA:59,2
DA:60,1
DA:61,2
DA:70,1
DA:73,0
DA:75,1
DA:76,1
DA:77,2
DA:81,2
DA:82,2
DA:83,2
DA:84,1
DA:85,2
DA:87,2
DA:88,1
DA:89,2
DA:98,1
DA:101,0
DA:103,1
DA:104,1
DA:105,2
DA:109,2
DA:110,2
DA:111,2
DA:112,1
DA:113,2
DA:115,2
DA:116,1
DA:117,2
LF:58
LH:54
end_of_record
SF:./packages/tvseries/lib\presentation\pages\on_airing_tv_page.dart
DA:7,1
DA:11,1
DA:12,1
DA:16,1
DA:18,1
DA:19,4
DA:22,1
DA:24,1
DA:25,1
DA:28,1
DA:30,1
DA:31,1
DA:32,2
DA:36,2
DA:37,1
DA:38,2
DA:39,1
DA:40,2
DA:41,1
DA:44,2
DA:45,1
DA:46,2
DA:49,1
DA:50,2
LF:24
LH:24
end_of_record
SF:./packages/tvseries/lib\presentation\pages\popular_tv_page.dart
DA:7,1
DA:11,1
DA:12,1
DA:16,1
DA:18,1
DA:19,4
DA:22,1
DA:24,1
DA:25,1
DA:28,1
DA:30,1
DA:31,1
DA:32,2
DA:36,2
DA:37,1
DA:38,2
DA:39,1
DA:40,2
DA:41,1
DA:44,2
DA:45,1
DA:46,2
DA:49,1
DA:50,2
LF:24
LH:24
end_of_record
SF:./packages/tvseries/lib\presentation\pages\season_tv_page.dart
DA:9,1
DA:15,1
DA:16,1
DA:20,1
DA:22,1
DA:23,1
DA:26,1
DA:28,1
DA:29,3
DA:30,1
DA:31,3
DA:32,3
LF:12
LH:12
end_of_record
SF:./packages/tvseries/lib\presentation\pages\top_rated_tv_page.dart
DA:7,1
DA:11,1
DA:12,1
DA:16,1
DA:18,1
DA:19,4
DA:22,1
DA:24,1
DA:25,1
DA:28,1
DA:30,1
DA:31,1
DA:32,2
DA:36,2
DA:37,1
DA:38,2
DA:39,1
DA:40,2
DA:41,1
DA:44,2
DA:45,1
DA:46,2
DA:49,1
DA:50,2
LF:24
LH:24
end_of_record
SF:./packages/tvseries/lib\presentation\pages\watchlist_tv_page.dart
DA:7,1
DA:11,0
DA:12,0
DA:16,0
DA:18,0
DA:19,0
DA:22,0
DA:24,0
DA:25,0
DA:28,0
DA:30,0
DA:33,0
DA:35,0
DA:36,0
DA:38,0
DA:39,0
DA:40,0
DA:44,0
DA:45,0
DA:46,0
DA:47,0
DA:48,0
DA:49,0
DA:52,0
DA:53,0
DA:54,0
DA:56,0
DA:57,0
DA:58,0
DA:71,0
DA:73,0
DA:74,0
LF:32
LH:1
end_of_record
SF:./packages/tvseries/lib\presentation\widgets\season_card_list.dart
DA:9,1
DA:15,1
DA:17,3
DA:19,1
DA:21,1
DA:23,1
DA:24,1
DA:25,1
DA:31,1
DA:33,1
DA:34,1
DA:35,2
DA:38,1
DA:40,1
DA:41,6
DA:44,1
DA:47,1
DA:48,7
DA:49,1
DA:55,1
DA:60,1
DA:62,1
DA:63,2
DA:64,2
DA:65,1
DA:67,1
DA:70,0
LF:27
LH:26
end_of_record
SF:./packages/tvseries/lib\presentation\widgets\tv_card_list.dart
DA:8,1
DA:13,1
DA:15,3
DA:17,1
DA:19,1
DA:20,0
DA:21,0
DA:24,0
DA:27,1
DA:29,1
DA:30,1
DA:31,1
DA:37,1
DA:39,1
DA:40,1
DA:41,2
DA:44,1
DA:47,1
DA:48,2
DA:56,1
DA:61,1
DA:63,1
DA:64,3
DA:66,1
DA:69,0
LF:25
LH:21
end_of_record
SF:./packages/tvseries/lib\presentation\widgets\tv_detail_content.dart
DA:13,1
DA:18,1
DA:20,1
DA:21,1
DA:25,1
DA:27,3
DA:29,1
DA:30,1
DA:31,1
DA:32,4
DA:34,1
DA:37,0
DA:39,1
DA:41,1
DA:43,1
DA:44,1
DA:54,1
DA:55,1
DA:56,1
DA:58,1
DA:60,1
DA:62,1
DA:63,1
DA:64,3
DA:65,1
DA:67,1
DA:68,2
DA:69,1
DA:71,1
DA:72,2
DA:79,5
DA:80,1
DA:81,1
DA:82,1
DA:83,4
DA:85,1
DA:91,1
DA:92,3
DA:93,1
DA:98,1
DA:100,1
DA:102,4
DA:104,5
DA:105,0
DA:108,0
DA:109,0
DA:112,0
DA:113,0
DA:114,0
DA:123,1
DA:124,3
DA:125,2
DA:126,7
DA:129,1
DA:131,1
DA:133,1
DA:134,1
DA:135,2
DA:140,2
DA:142,1
DA:143,1
DA:144,0
DA:146,0
DA:147,0
DA:149,0
DA:151,0
DA:152,0
DA:165,1
DA:167,1
DA:179,1
DA:181,1
DA:184,1
DA:186,0
DA:187,0
DA:196,1
DA:198,2
DA:199,3
DA:202,1
DA:206,3
DA:209,1
DA:210,2
DA:211,6
DA:213,0
LF:83
LH:67
end_of_record
SF:./packages/tvseries/lib\presentation\widgets\tv_list.dart
DA:9,1
DA:13,1
DA:15,1
DA:17,1
DA:19,1
DA:21,2
DA:22,1
DA:23,2
DA:25,1
DA:27,1
DA:28,0
DA:29,0
DA:30,0
DA:33,0
DA:36,0
DA:39,0
DA:43,1
DA:45,1
DA:46,2
DA:47,1
DA:50,0
LF:21
LH:14
end_of_record
